<?xml version="1.0" encoding="UTF-8"?>
<!-- Generated by org.testng.reporters.JUnitReportReporter -->
<testsuite hostname="bcslappy-Amar" name="testClass.TestScripts" tests="1" failures="0" timestamp="12 Apr 2017 06:05:58 GMT" time="85.272" errors="0">
  <testcase name="test" time="85.272" classname="testClass.TestScripts"/>
</testsuite> <!-- testClass.TestScripts -->
