<?xml version="1.0" encoding="UTF-8"?>
<!-- Generated by org.testng.reporters.JUnitReportReporter -->
<testsuite hostname="bcslappy-Amar" name="testClass.ScriptForJenkins" tests="9" failures="0" timestamp="17 Apr 2017 10:34:29 GMT" time="99.157" errors="0">
  <testcase name="tripExtras" time="5.465" classname="testClass.ScriptForJenkins"/>
  <testcase name="selectPAX" time="16.000" classname="testClass.ScriptForJenkins"/>
  <testcase name="carAndPayment" time="6.463" classname="testClass.ScriptForJenkins"/>
  <testcase name="selectSeat" time="18.747" classname="testClass.ScriptForJenkins"/>
  <testcase name="customersBaggage" time="3.246" classname="testClass.ScriptForJenkins"/>
  <testcase name="home" time="12.433" classname="testClass.ScriptForJenkins"/>
  <testcase name="selectDate" time="3.211" classname="testClass.ScriptForJenkins"/>
  <testcase name="PAXInfo" time="17.062" classname="testClass.ScriptForJenkins"/>
  <testcase name="searchFlight" time="16.530" classname="testClass.ScriptForJenkins"/>
</testsuite> <!-- testClass.ScriptForJenkins -->
