<?xml version="1.0" encoding="UTF-8"?>
<!-- Generated by org.testng.reporters.JUnitReportReporter -->
<testsuite hostname="bcslappy-Amar" name="testClass.ScriptForJenkins" tests="9" failures="0" timestamp="19 Apr 2017 09:56:25 GMT" time="113.226" errors="0">
  <testcase name="customersBaggage" time="3.246" classname="testClass.ScriptForJenkins"/>
  <testcase name="selectSeat" time="22.024" classname="testClass.ScriptForJenkins"/>
  <testcase name="carAndPayment" time="19.876" classname="testClass.ScriptForJenkins"/>
  <testcase name="selectDate" time="3.212" classname="testClass.ScriptForJenkins"/>
  <testcase name="PAXInfo" time="17.962" classname="testClass.ScriptForJenkins"/>
  <testcase name="selectPAX" time="16.023" classname="testClass.ScriptForJenkins"/>
  <testcase name="home" time="8.652" classname="testClass.ScriptForJenkins"/>
  <testcase name="searchFlight" time="16.741" classname="testClass.ScriptForJenkins"/>
  <testcase name="tripExtras" time="5.490" classname="testClass.ScriptForJenkins"/>
</testsuite> <!-- testClass.ScriptForJenkins -->
