<?xml version="1.0" encoding="UTF-8"?>
<!-- Generated by org.testng.reporters.JUnitReportReporter -->
<testsuite name="testClass.ScriptForJenkins" tests="9" time="60.001" ignored="0" failures="0" timestamp="20 Apr 2017 05:47:24 GMT" skipped="0" hostname="bcslappy-Amar" errors="0">
  <testcase name="home" time="8.862" classname="testClass.ScriptForJenkins"/>
  <testcase name="tripExtras" time="5.039" classname="testClass.ScriptForJenkins"/>
  <testcase name="selectSeat" time="8.105" classname="testClass.ScriptForJenkins"/>
  <testcase name="selectDate" time="3.307" classname="testClass.ScriptForJenkins"/>
  <testcase name="PAXInfo" time="5.051" classname="testClass.ScriptForJenkins"/>
  <testcase name="customersBaggage" time="3.041" classname="testClass.ScriptForJenkins"/>
  <testcase name="carAndPayment" time="5.044" classname="testClass.ScriptForJenkins"/>
  <testcase name="selectPAX" time="12.738" classname="testClass.ScriptForJenkins"/>
  <testcase name="searchFlight" time="8.814" classname="testClass.ScriptForJenkins"/>
</testsuite> <!-- testClass.ScriptForJenkins -->
