<?xml version="1.0" encoding="UTF-8"?>
<!-- Generated by org.testng.reporters.JUnitReportReporter -->
<testsuite hostname="bcslappy-Amar" name="testClass.ScriptForJenkins" tests="9" failures="0" timestamp="19 Apr 2017 08:35:15 GMT" time="121.473" errors="0">
  <testcase name="customersBaggage" time="3.258" classname="testClass.ScriptForJenkins"/>
  <testcase name="selectSeat" time="19.973" classname="testClass.ScriptForJenkins"/>
  <testcase name="carAndPayment" time="24.090" classname="testClass.ScriptForJenkins"/>
  <testcase name="selectDate" time="3.693" classname="testClass.ScriptForJenkins"/>
  <testcase name="PAXInfo" time="17.937" classname="testClass.ScriptForJenkins"/>
  <testcase name="selectPAX" time="15.762" classname="testClass.ScriptForJenkins"/>
  <testcase name="home" time="10.905" classname="testClass.ScriptForJenkins"/>
  <testcase name="searchFlight" time="20.245" classname="testClass.ScriptForJenkins"/>
  <testcase name="tripExtras" time="5.610" classname="testClass.ScriptForJenkins"/>
</testsuite> <!-- testClass.ScriptForJenkins -->
