<?xml version="1.0" encoding="UTF-8"?>
<!-- Generated by org.testng.reporters.JUnitReportReporter -->
<testsuite hostname="bcslappy-Amar" name="testClass.ScriptForJenkins" tests="9" failures="0" timestamp="15 Apr 2017 08:33:29 GMT" time="42.168" errors="0">
  <testcase name="selectDate" time="3.018" classname="testClass.ScriptForJenkins"/>
  <testcase name="PAXInfo" time="5.013" classname="testClass.ScriptForJenkins"/>
  <testcase name="selectPAX" time="3.031" classname="testClass.ScriptForJenkins"/>
  <testcase name="tripExtras" time="7.016" classname="testClass.ScriptForJenkins"/>
  <testcase name="searchFlight" time="5.013" classname="testClass.ScriptForJenkins"/>
  <testcase name="home" time="0.031" classname="testClass.ScriptForJenkins"/>
  <testcase name="carAndPayment" time="7.013" classname="testClass.ScriptForJenkins"/>
  <testcase name="customersBaggage" time="5.011" classname="testClass.ScriptForJenkins"/>
  <testcase name="selectSeat" time="7.022" classname="testClass.ScriptForJenkins"/>
</testsuite> <!-- testClass.ScriptForJenkins -->
